<?xml version="1.0" encoding="UTF-8"?>
<!-- Generated by org.testng.reporters.JUnitReportReporter -->
<testsuite hostname="Kishwors-MacBook-Pro.local" failures="0" tests="1" name="stepDefinitions.HomePageM" time="23.683" errors="0" timestamp="2023-03-29T17:53:44 EDT" skipped="0">
  <testcase classname="stepDefinitions.HomePageM" name="theadd" time="23.683"/>
  <system-out/>
</testsuite> <!-- stepDefinitions.HomePageM -->
