<?xml version="1.0" encoding="UTF-8"?>
<!-- Generated by org.testng.reporters.JUnitReportReporter -->
<testsuite hostname="Kishwors-MacBook-Pro.local" failures="0" tests="1" name="runner.TestRunner" time="43.684" errors="0" timestamp="2023-03-29T15:57:20 EDT" skipped="0">
  <testcase classname="runner.TestRunner" name="runScenario" time="43.684"/>
  <system-out/>
</testsuite> <!-- runner.TestRunner -->
