<?xml version="1.0" encoding="UTF-8"?>
<!-- Generated by org.testng.reporters.JUnitReportReporter -->
<testsuite hostname="Kishwors-MacBook-Pro.local" failures="0" tests="1" name="runner.TestRunnerReg" time="47.763" errors="0" timestamp="2023-04-06T17:56:13 EDT" skipped="0">
  <testcase classname="runner.TestRunnerReg" name="runScenario" time="47.763"/>
  <system-out>
    <![CDATA[The application is launched successfully!!
The item is searched successfully!!]]>
  </system-out>
</testsuite> <!-- runner.TestRunnerReg -->
