<?xml version="1.0" encoding="UTF-8"?>
<!-- Generated by org.testng.reporters.JUnitReportReporter -->
<testsuite hostname="Kishwors-MacBook-Pro.local" failures="0" tests="2" name="runner.TestRunner" time="54.954" errors="0" timestamp="2023-03-30T11:52:19 EDT" skipped="0">
  <testcase classname="runner.TestRunner" name="runScenario" time="30.348"/>
  <system-out/>
  <testcase classname="runner.TestRunner" name="runScenario" time="24.606"/>
  <system-out/>
</testsuite> <!-- runner.TestRunner -->
