<?xml version="1.0" encoding="UTF-8"?>
<!-- Generated by org.testng.reporters.JUnitReportReporter -->
<testsuite hostname="Kishwors-MacBook-Pro.local" failures="0" tests="1" name="runner.TestRunnerSmoke" time="8.606" errors="0" timestamp="2023-04-05T17:49:44 EDT" skipped="0">
  <testcase classname="runner.TestRunnerSmoke" name="runScenario" time="8.606"/>
  <system-out/>
</testsuite> <!-- runner.TestRunnerSmoke -->
