<?xml version="1.0" encoding="UTF-8"?>
<!-- Generated by org.testng.reporters.JUnitReportReporter -->
<testsuite hostname="Kishwors-MacBook-Pro.local" failures="0" tests="1" name="runner.TestRunnerReg" time="43.840" errors="0" timestamp="2023-04-05T17:50:53 EDT" skipped="0">
  <testcase classname="runner.TestRunnerReg" name="runScenario" time="43.840"/>
  <system-out/>
</testsuite> <!-- runner.TestRunnerReg -->
