<?xml version="1.0" encoding="UTF-8"?>
<!-- Generated by org.testng.reporters.JUnitReportReporter -->
<testsuite hostname="Kishwors-MacBook-Pro.local" failures="0" tests="2" name="runner.TestRunner" time="46.784" errors="0" timestamp="2023-04-05T17:21:47 EDT" skipped="0">
  <testcase classname="runner.TestRunner" name="runScenario" time="46.779"/>
  <system-out/>
  <testcase classname="runner.TestRunner" name="runScenario" time="0.005"/>
  <system-out/>
</testsuite> <!-- runner.TestRunner -->
